生成启动时间为 2018/1/10 23:45:51。
     1>项目“F:\combus\MFC-VERSION\OPTBZ\OPTBZ\OPTBZ.vcxproj”在节点 2 上(rebuild 个目标)。
     1>PrepareForBuild:
         正在创建目录“F:\combus\MFC-VERSION\OPTBZ\Release\”。
       InitializeBuildStatus:
         正在创建“Release\OPTBZ.unsuccessfulbuild”，因为已指定“AlwaysCreate”。
       ClCompile:
         C:\Program Files (x86)\Microsoft Visual Studio 10.0\VC\bin\CL.exe /c /Zi /nologo /W3 /WX- /O2 /Oi /Oy- /GL /D WIN32 /D _WINDOWS /D NDEBUG /D _UNICODE /D UNICODE /D _AFXDLL /Gm- /EHsc /MD /GS /Gy /fp:precise /Zc:wchar_t /Zc:forScope /Yc"StdAfx.h" /Fp"Release\OPTBZ.pch" /Fo"Release\\" /Fd"Release\vc100.pdb" /Gd /TP /analyze- /errorReport:prompt stdafx.cpp
         stdafx.cpp
         C:\Program Files (x86)\Microsoft Visual Studio 10.0\VC\bin\CL.exe /c /Zi /nologo /W3 /WX- /O2 /Oi /Oy- /GL /D WIN32 /D _WINDOWS /D NDEBUG /D _UNICODE /D UNICODE /D _AFXDLL /Gm- /EHsc /MD /GS /Gy /fp:precise /Zc:wchar_t /Zc:forScope /Yu"StdAfx.h" /Fp"Release\OPTBZ.pch" /Fo"Release\\" /Fd"Release\vc100.pdb" /Gd /TP /analyze- /errorReport:prompt ChildFrm.cpp ClassView.cpp Control.cpp FileView.cpp GraphView.cpp MainFrm.cpp ModelView.cpp OPTBZ.cpp OPTBZDoc.cpp OPTBZView.cpp OutputWnd.cpp PropertiesWnd.cpp ViewTree.cpp
         ChildFrm.cpp
         ClassView.cpp
         Control.cpp
         FileView.cpp
         GraphView.cpp
         MainFrm.cpp
         ModelView.cpp
         OPTBZ.cpp
         OPTBZDoc.cpp
     1>f:\combus\mfc-version\optbz\optbz\opt.h(19): fatal error C1083: 无法打开包括文件:“mclmcrrt.h”: No such file or directory
         OPTBZView.cpp
         OutputWnd.cpp
         PropertiesWnd.cpp
         ViewTree.cpp
     1>已完成生成项目“F:\combus\MFC-VERSION\OPTBZ\OPTBZ\OPTBZ.vcxproj”(rebuild 个目标)的操作 - 失败。

生成失败。

已用时间 00:00:03.72
