生成启动时间为 2018/1/8 6:46:48。
     1>项目“F:\combus\MFC-VERSION\OPTBZ\OPTBZ\OPTBZ.vcxproj”在节点 2 上(build 个目标)。
     1>InitializeBuildStatus:
         正在创建“x64\Debug\OPTBZ.unsuccessfulbuild”，因为已指定“AlwaysCreate”。
       ClCompile:
         所有输出均为最新。
         所有输出均为最新。
       ResourceCompile:
         C:\Program Files (x86)\Microsoft SDKs\Windows\v7.0A\bin\rc.exe /D _DEBUG /D _UNICODE /D UNICODE /D _AFXDLL /l"0x0804" /Ix64\Debug\ /nologo /fo"x64\Debug\OPTBZ.res" OPTBZ.rc 
       ManifestResourceCompile:
         所有输出均为最新。
       Link:
         C:\Program Files (x86)\Microsoft Visual Studio 10.0\VC\bin\x86_amd64\link.exe /ERRORREPORT:PROMPT /OUT:"F:\combus\MFC-VERSION\OPTBZ\x64\Debug\OPTBZ.exe" /INCREMENTAL /NOLOGO /LIBPATH:"C:\Program Files\MATLAB\R2012\extern\lib\win64\microsoft" odbc32.lib libeng.lib libmat.lib libmex.lib libmx.lib mclmcrrt.lib mclmcr.lib opt.lib /MANIFEST /ManifestFile:"x64\Debug\OPTBZ.exe.intermediate.manifest" /MANIFESTUAC:"level='asInvoker' uiAccess='false'" /DEBUG /PDB:"F:\combus\MFC-VERSION\OPTBZ\x64\Debug\OPTBZ.pdb" /SUBSYSTEM:WINDOWS /TLBID:1 /ENTRY:"wWinMainCRTStartup" /DYNAMICBASE /NXCOMPAT /IMPLIB:"F:\combus\MFC-VERSION\OPTBZ\x64\Debug\OPTBZ.lib" /MACHINE:X64 x64\Debug\OPTBZ.res
         x64\Debug\OPTBZ.exe.embed.manifest.res
         x64\Debug\ChildFrm.obj
         x64\Debug\ClassView.obj
         x64\Debug\Control.obj
         x64\Debug\FileView.obj
         x64\Debug\GraphView.obj
         x64\Debug\MainFrm.obj
         x64\Debug\ModelView.obj
         x64\Debug\OPTBZ.obj
         x64\Debug\OPTBZDoc.obj
         x64\Debug\OPTBZView.obj
         x64\Debug\OutputWnd.obj
         x64\Debug\PropertiesWnd.obj
         x64\Debug\stdafx.obj
         x64\Debug\ViewTree.obj
         opt.lib
         OPTBZ.vcxproj -> F:\combus\MFC-VERSION\OPTBZ\x64\Debug\OPTBZ.exe
       Manifest:
         C:\Program Files (x86)\Microsoft SDKs\Windows\v7.0A\bin\mt.exe /nologo /verbose /out:"x64\Debug\OPTBZ.exe.embed.manifest" /manifest x64\Debug\OPTBZ.exe.intermediate.manifest "C:\Program Files (x86)\Microsoft Visual Studio 10.0\VC\Include\Manifest\dpiaware.manifest"
         所有输出均为最新。
       LinkEmbedManifest:
         所有输出均为最新。
         OPTBZ.vcxproj -> F:\combus\MFC-VERSION\OPTBZ\x64\Debug\OPTBZ.exe
       FinalizeBuildStatus:
         正在删除文件“x64\Debug\OPTBZ.unsuccessfulbuild”。
         正在对“x64\Debug\OPTBZ.lastbuildstate”执行 Touch 任务。
     1>已完成生成项目“F:\combus\MFC-VERSION\OPTBZ\OPTBZ\OPTBZ.vcxproj”(build 个目标)的操作。

生成成功。

已用时间 00:00:00.74
