F:\COMBUS\MFC-VERSION\OPTBZ\OPTBZ\X64\DEBUG\CHILDFRM.OBJ
F:\combus\MFC-VERSION\OPTBZ\OPTBZ\x64\Debug\cl.command.1.tlog
F:\combus\MFC-VERSION\OPTBZ\OPTBZ\x64\Debug\CL.read.1.tlog
F:\combus\MFC-VERSION\OPTBZ\OPTBZ\x64\Debug\CL.write.1.tlog
F:\COMBUS\MFC-VERSION\OPTBZ\OPTBZ\X64\DEBUG\CLASSVIEW.OBJ
F:\COMBUS\MFC-VERSION\OPTBZ\OPTBZ\X64\DEBUG\FILEVIEW.OBJ
F:\combus\MFC-VERSION\OPTBZ\OPTBZ\x64\Debug\link.command.1.tlog
F:\combus\MFC-VERSION\OPTBZ\OPTBZ\x64\Debug\link.read.1.tlog
F:\combus\MFC-VERSION\OPTBZ\OPTBZ\x64\Debug\link.write.1.tlog
F:\combus\MFC-VERSION\OPTBZ\OPTBZ\x64\Debug\link-cvtres.read.1.tlog
F:\combus\MFC-VERSION\OPTBZ\OPTBZ\x64\Debug\link-cvtres.write.1.tlog
F:\COMBUS\MFC-VERSION\OPTBZ\OPTBZ\X64\DEBUG\MAINFRM.OBJ
F:\combus\MFC-VERSION\OPTBZ\OPTBZ\x64\Debug\mt.command.1.tlog
F:\combus\MFC-VERSION\OPTBZ\OPTBZ\x64\Debug\mt.read.1.tlog
F:\combus\MFC-VERSION\OPTBZ\OPTBZ\x64\Debug\mt.write.1.tlog
F:\COMBUS\MFC-VERSION\OPTBZ\OPTBZ\X64\DEBUG\OPTBZ.EXE.EMBED.MANIFEST
F:\COMBUS\MFC-VERSION\OPTBZ\OPTBZ\X64\DEBUG\OPTBZ.EXE.EMBED.MANIFEST.RES
F:\COMBUS\MFC-VERSION\OPTBZ\OPTBZ\X64\DEBUG\OPTBZ.EXE.INTERMEDIATE.MANIFEST
F:\COMBUS\MFC-VERSION\OPTBZ\OPTBZ\X64\DEBUG\OPTBZ.OBJ
F:\COMBUS\MFC-VERSION\OPTBZ\OPTBZ\X64\DEBUG\OPTBZ.PCH
F:\COMBUS\MFC-VERSION\OPTBZ\OPTBZ\X64\DEBUG\OPTBZ.RES
F:\combus\MFC-VERSION\OPTBZ\OPTBZ\x64\Debug\OPTBZ.write.1.tlog
F:\combus\MFC-VERSION\OPTBZ\OPTBZ\x64\Debug\OPTBZ_manifest.rc
F:\COMBUS\MFC-VERSION\OPTBZ\OPTBZ\X64\DEBUG\OPTBZDOC.OBJ
F:\COMBUS\MFC-VERSION\OPTBZ\OPTBZ\X64\DEBUG\OPTBZVIEW.OBJ
F:\COMBUS\MFC-VERSION\OPTBZ\OPTBZ\X64\DEBUG\OUTPUTWND.OBJ
F:\COMBUS\MFC-VERSION\OPTBZ\OPTBZ\X64\DEBUG\PROPERTIESWND.OBJ
F:\combus\MFC-VERSION\OPTBZ\OPTBZ\x64\Debug\rc.command.1.tlog
F:\combus\MFC-VERSION\OPTBZ\OPTBZ\x64\Debug\rc.read.1.tlog
F:\combus\MFC-VERSION\OPTBZ\OPTBZ\x64\Debug\rc.write.1.tlog
F:\COMBUS\MFC-VERSION\OPTBZ\OPTBZ\X64\DEBUG\STDAFX.OBJ
F:\combus\MFC-VERSION\OPTBZ\OPTBZ\x64\Debug\vc100.idb
F:\COMBUS\MFC-VERSION\OPTBZ\OPTBZ\X64\DEBUG\VC100.PDB
F:\COMBUS\MFC-VERSION\OPTBZ\OPTBZ\X64\DEBUG\VIEWTREE.OBJ
F:\COMBUS\MFC-VERSION\OPTBZ\X64\DEBUG\OPTBZ.EXE
F:\COMBUS\MFC-VERSION\OPTBZ\X64\DEBUG\OPTBZ.ILK
F:\COMBUS\MFC-VERSION\OPTBZ\X64\DEBUG\OPTBZ.PDB
