F:\COMBUS\MFC-VERSION\OPTBZ\DEBUG\OPTBZ.EXE
F:\COMBUS\MFC-VERSION\OPTBZ\DEBUG\OPTBZ.ILK
F:\COMBUS\MFC-VERSION\OPTBZ\DEBUG\OPTBZ.PDB
F:\COMBUS\MFC-VERSION\OPTBZ\OPTBZ\DEBUG\CHILDFRM.OBJ
F:\combus\MFC-VERSION\OPTBZ\OPTBZ\Debug\cl.command.1.tlog
F:\combus\MFC-VERSION\OPTBZ\OPTBZ\Debug\CL.read.1.tlog
F:\combus\MFC-VERSION\OPTBZ\OPTBZ\Debug\CL.write.1.tlog
F:\COMBUS\MFC-VERSION\OPTBZ\OPTBZ\DEBUG\CLASSVIEW.OBJ
F:\COMBUS\MFC-VERSION\OPTBZ\OPTBZ\DEBUG\CONTROL.OBJ
F:\COMBUS\MFC-VERSION\OPTBZ\OPTBZ\DEBUG\ENERGYSAVE.OBJ
F:\COMBUS\MFC-VERSION\OPTBZ\OPTBZ\DEBUG\FILEVIEW.OBJ
F:\COMBUS\MFC-VERSION\OPTBZ\OPTBZ\DEBUG\GRAPHVIEW.OBJ
F:\combus\MFC-VERSION\OPTBZ\OPTBZ\Debug\link.1664.read.1.tlog
F:\combus\MFC-VERSION\OPTBZ\OPTBZ\Debug\link.1664.write.1.tlog
F:\combus\MFC-VERSION\OPTBZ\OPTBZ\Debug\link.1664-cvtres.read.1.tlog
F:\combus\MFC-VERSION\OPTBZ\OPTBZ\Debug\link.1664-cvtres.write.1.tlog
F:\combus\MFC-VERSION\OPTBZ\OPTBZ\Debug\link.command.1.tlog
F:\combus\MFC-VERSION\OPTBZ\OPTBZ\Debug\link.read.1.tlog
F:\combus\MFC-VERSION\OPTBZ\OPTBZ\Debug\link.write.1.tlog
F:\combus\MFC-VERSION\OPTBZ\OPTBZ\Debug\link-cvtres.read.1.tlog
F:\combus\MFC-VERSION\OPTBZ\OPTBZ\Debug\link-cvtres.write.1.tlog
F:\COMBUS\MFC-VERSION\OPTBZ\OPTBZ\DEBUG\MAINFRM.OBJ
F:\COMBUS\MFC-VERSION\OPTBZ\OPTBZ\DEBUG\MODELVIEW.OBJ
F:\combus\MFC-VERSION\OPTBZ\OPTBZ\Debug\mt.command.1.tlog
F:\combus\MFC-VERSION\OPTBZ\OPTBZ\Debug\mt.read.1.tlog
F:\combus\MFC-VERSION\OPTBZ\OPTBZ\Debug\mt.write.1.tlog
F:\COMBUS\MFC-VERSION\OPTBZ\OPTBZ\DEBUG\OPTBZ.EXE.EMBED.MANIFEST
F:\COMBUS\MFC-VERSION\OPTBZ\OPTBZ\DEBUG\OPTBZ.EXE.EMBED.MANIFEST.RES
F:\COMBUS\MFC-VERSION\OPTBZ\OPTBZ\DEBUG\OPTBZ.EXE.INTERMEDIATE.MANIFEST
F:\COMBUS\MFC-VERSION\OPTBZ\OPTBZ\DEBUG\OPTBZ.OBJ
F:\COMBUS\MFC-VERSION\OPTBZ\OPTBZ\DEBUG\OPTBZ.PCH
F:\COMBUS\MFC-VERSION\OPTBZ\OPTBZ\DEBUG\OPTBZ.RES
F:\combus\MFC-VERSION\OPTBZ\OPTBZ\Debug\OPTBZ.write.1.tlog
F:\combus\MFC-VERSION\OPTBZ\OPTBZ\Debug\OPTBZ_manifest.rc
F:\COMBUS\MFC-VERSION\OPTBZ\OPTBZ\DEBUG\OPTBZDOC.OBJ
F:\COMBUS\MFC-VERSION\OPTBZ\OPTBZ\DEBUG\OPTBZVIEW.OBJ
F:\COMBUS\MFC-VERSION\OPTBZ\OPTBZ\DEBUG\OUTPUTWND.OBJ
F:\COMBUS\MFC-VERSION\OPTBZ\OPTBZ\DEBUG\PROPERTIESWND.OBJ
F:\combus\MFC-VERSION\OPTBZ\OPTBZ\Debug\rc.command.1.tlog
F:\combus\MFC-VERSION\OPTBZ\OPTBZ\Debug\rc.read.1.tlog
F:\combus\MFC-VERSION\OPTBZ\OPTBZ\Debug\rc.write.1.tlog
F:\COMBUS\MFC-VERSION\OPTBZ\OPTBZ\DEBUG\STDAFX.OBJ
F:\combus\MFC-VERSION\OPTBZ\OPTBZ\Debug\vc100.idb
F:\COMBUS\MFC-VERSION\OPTBZ\OPTBZ\DEBUG\VC100.PDB
F:\COMBUS\MFC-VERSION\OPTBZ\OPTBZ\DEBUG\VIEWTREE.OBJ
