生成启动时间为 2017/11/9 6:21:12。
     1>项目“F:\combus\MFC-VERSION\OPTBZ\OPTBZ\OPTBZ.vcxproj”在节点 2 上(build 个目标)。
     1>PrepareForBuild:
         正在创建目录“F:\combus\MFC-VERSION\OPTBZ\Debug\”。
       InitializeBuildStatus:
         正在创建“Debug\OPTBZ.unsuccessfulbuild”，因为已指定“AlwaysCreate”。
       ClCompile:
         C:\Program Files (x86)\Microsoft Visual Studio 10.0\VC\bin\CL.exe /c /ZI /nologo /W3 /WX- /Od /Oy- /D WIN32 /D _WINDOWS /D _DEBUG /D _UNICODE /D UNICODE /D _AFXDLL /Gm /EHsc /RTC1 /MDd /GS /fp:precise /Zc:wchar_t /Zc:forScope /Yc"StdAfx.h" /Fp"Debug\OPTBZ.pch" /Fo"Debug\\" /Fd"Debug\vc100.pdb" /Gd /TP /analyze- /errorReport:prompt stdafx.cpp
         stdafx.cpp
         C:\Program Files (x86)\Microsoft Visual Studio 10.0\VC\bin\CL.exe /c /ZI /nologo /W3 /WX- /Od /Oy- /D WIN32 /D _WINDOWS /D _DEBUG /D _UNICODE /D UNICODE /D _AFXDLL /Gm /EHsc /RTC1 /MDd /GS /fp:precise /Zc:wchar_t /Zc:forScope /Yu"StdAfx.h" /Fp"Debug\OPTBZ.pch" /Fo"Debug\\" /Fd"Debug\vc100.pdb" /Gd /TP /analyze- /errorReport:prompt ChildFrm.cpp ClassView.cpp FileView.cpp MainFrm.cpp OPTBZ.cpp OPTBZDoc.cpp OPTBZView.cpp OutputWnd.cpp PropertiesWnd.cpp ViewTree.cpp
         ViewTree.cpp
         PropertiesWnd.cpp
         OutputWnd.cpp
         OPTBZView.cpp
         OPTBZDoc.cpp
         OPTBZ.cpp
         MainFrm.cpp
         FileView.cpp
         ClassView.cpp
         ChildFrm.cpp
         正在生成代码...
       ResourceCompile:
         C:\Program Files (x86)\Microsoft SDKs\Windows\v7.0A\bin\rc.exe /D _DEBUG /D _UNICODE /D UNICODE /D _AFXDLL /l"0x0804" /IDebug\ /nologo /fo"Debug\OPTBZ.res" OPTBZ.rc 
       ManifestResourceCompile:
         C:\Program Files (x86)\Microsoft SDKs\Windows\v7.0A\bin\rc.exe /nologo /fo"Debug\OPTBZ.exe.embed.manifest.res" Debug\OPTBZ_manifest.rc 
       Link:
         C:\Program Files (x86)\Microsoft Visual Studio 10.0\VC\bin\link.exe /ERRORREPORT:PROMPT /OUT:"F:\combus\MFC-VERSION\OPTBZ\Debug\OPTBZ.exe" /INCREMENTAL /NOLOGO odbc32.lib /MANIFEST /ManifestFile:"Debug\OPTBZ.exe.intermediate.manifest" /MANIFESTUAC:"level='asInvoker' uiAccess='false'" /DEBUG /PDB:"F:\combus\MFC-VERSION\OPTBZ\Debug\OPTBZ.pdb" /SUBSYSTEM:WINDOWS /TLBID:1 /ENTRY:"wWinMainCRTStartup" /DYNAMICBASE /NXCOMPAT /IMPLIB:"F:\combus\MFC-VERSION\OPTBZ\Debug\OPTBZ.lib" /MACHINE:X86 Debug\OPTBZ.res
         Debug\OPTBZ.exe.embed.manifest.res
         Debug\ChildFrm.obj
         Debug\ClassView.obj
         Debug\FileView.obj
         Debug\MainFrm.obj
         Debug\OPTBZ.obj
         Debug\OPTBZDoc.obj
         Debug\OPTBZView.obj
         Debug\OutputWnd.obj
         Debug\PropertiesWnd.obj
         Debug\stdafx.obj
         Debug\ViewTree.obj
       Manifest:
         C:\Program Files (x86)\Microsoft SDKs\Windows\v7.0A\bin\mt.exe /nologo /verbose /out:"Debug\OPTBZ.exe.embed.manifest" /manifest Debug\OPTBZ.exe.intermediate.manifest "C:\Program Files (x86)\Microsoft Visual Studio 10.0\VC\Include\Manifest\dpiaware.manifest"
         C:\Program Files (x86)\Microsoft SDKs\Windows\v7.0A\bin\rc.exe /nologo /fo"Debug\OPTBZ.exe.embed.manifest.res" Debug\OPTBZ_manifest.rc 
       LinkEmbedManifest:
         C:\Program Files (x86)\Microsoft Visual Studio 10.0\VC\bin\link.exe /ERRORREPORT:PROMPT /OUT:"F:\combus\MFC-VERSION\OPTBZ\Debug\OPTBZ.exe" /INCREMENTAL /NOLOGO odbc32.lib /MANIFEST /ManifestFile:"Debug\OPTBZ.exe.intermediate.manifest" /MANIFESTUAC:"level='asInvoker' uiAccess='false'" /DEBUG /PDB:"F:\combus\MFC-VERSION\OPTBZ\Debug\OPTBZ.pdb" /SUBSYSTEM:WINDOWS /TLBID:1 /ENTRY:"wWinMainCRTStartup" /DYNAMICBASE /NXCOMPAT /IMPLIB:"F:\combus\MFC-VERSION\OPTBZ\Debug\OPTBZ.lib" /MACHINE:X86 Debug\OPTBZ.res
         Debug\OPTBZ.exe.embed.manifest.res
         Debug\ChildFrm.obj
         Debug\ClassView.obj
         Debug\FileView.obj
         Debug\MainFrm.obj
         Debug\OPTBZ.obj
         Debug\OPTBZDoc.obj
         Debug\OPTBZView.obj
         Debug\OutputWnd.obj
         Debug\PropertiesWnd.obj
         Debug\stdafx.obj
         Debug\ViewTree.obj
         OPTBZ.vcxproj -> F:\combus\MFC-VERSION\OPTBZ\Debug\OPTBZ.exe
       FinalizeBuildStatus:
         正在删除文件“Debug\OPTBZ.unsuccessfulbuild”。
         正在对“Debug\OPTBZ.lastbuildstate”执行 Touch 任务。
     1>已完成生成项目“F:\combus\MFC-VERSION\OPTBZ\OPTBZ\OPTBZ.vcxproj”(build 个目标)的操作。

生成成功。

已用时间 00:00:12.45
